Determining if the Q_WS_WIN exist failed with the following output:
Change Dir: /home/jpl/ORB_SLAM2/Thirdparty/g2o/build/CMakeFiles/CMakeTmp

Run Build Command:/usr/bin/make "cmTryCompileExec895623159/fast"
/usr/bin/make -f CMakeFiles/cmTryCompileExec895623159.dir/build.make CMakeFiles/cmTryCompileExec895623159.dir/build
make[1]: Entering directory `/home/jpl/ORB_SLAM2/Thirdparty/g2o/build/CMakeFiles/CMakeTmp'
/usr/bin/cmake -E cmake_progress_report /home/jpl/ORB_SLAM2/Thirdparty/g2o/build/CMakeFiles/CMakeTmp/CMakeFiles 1
Building CXX object CMakeFiles/cmTryCompileExec895623159.dir/CheckSymbolExists.cxx.o
/usr/bin/c++   -DLAPACK_USE_F2C -I/usr/include/qt4    -o CMakeFiles/cmTryCompileExec895623159.dir/CheckSymbolExists.cxx.o -c /home/jpl/ORB_SLAM2/Thirdparty/g2o/build/CMakeFiles/CMakeTmp/CheckSymbolExists.cxx
/home/jpl/ORB_SLAM2/Thirdparty/g2o/build/CMakeFiles/CMakeTmp/CheckSymbolExists.cxx: In function ‘int main(int, char**)’:
/home/jpl/ORB_SLAM2/Thirdparty/g2o/build/CMakeFiles/CMakeTmp/CheckSymbolExists.cxx:8:19: error: ‘Q_WS_WIN’ was not declared in this scope
   return ((int*)(&Q_WS_WIN))[argc];
                   ^
make[1]: *** [CMakeFiles/cmTryCompileExec895623159.dir/CheckSymbolExists.cxx.o] Error 1
make[1]: Leaving directory `/home/jpl/ORB_SLAM2/Thirdparty/g2o/build/CMakeFiles/CMakeTmp'
make: *** [cmTryCompileExec895623159/fast] Error 2

File /home/jpl/ORB_SLAM2/Thirdparty/g2o/build/CMakeFiles/CMakeTmp/CheckSymbolExists.cxx:
/* */
#include <QtCore/qglobal.h>

int main(int argc, char** argv)
{
  (void)argv;
#ifndef Q_WS_WIN
  return ((int*)(&Q_WS_WIN))[argc];
#else
  (void)argc;
  return 0;
#endif
}

Determining if the Q_WS_QWS exist failed with the following output:
Change Dir: /home/jpl/ORB_SLAM2/Thirdparty/g2o/build/CMakeFiles/CMakeTmp

Run Build Command:/usr/bin/make "cmTryCompileExec1722863360/fast"
/usr/bin/make -f CMakeFiles/cmTryCompileExec1722863360.dir/build.make CMakeFiles/cmTryCompileExec1722863360.dir/build
make[1]: Entering directory `/home/jpl/ORB_SLAM2/Thirdparty/g2o/build/CMakeFiles/CMakeTmp'
/usr/bin/cmake -E cmake_progress_report /home/jpl/ORB_SLAM2/Thirdparty/g2o/build/CMakeFiles/CMakeTmp/CMakeFiles 1
Building CXX object CMakeFiles/cmTryCompileExec1722863360.dir/CheckSymbolExists.cxx.o
/usr/bin/c++   -DLAPACK_USE_F2C -I/usr/include/qt4    -o CMakeFiles/cmTryCompileExec1722863360.dir/CheckSymbolExists.cxx.o -c /home/jpl/ORB_SLAM2/Thirdparty/g2o/build/CMakeFiles/CMakeTmp/CheckSymbolExists.cxx
/home/jpl/ORB_SLAM2/Thirdparty/g2o/build/CMakeFiles/CMakeTmp/CheckSymbolExists.cxx: In function ‘int main(int, char**)’:
/home/jpl/ORB_SLAM2/Thirdparty/g2o/build/CMakeFiles/CMakeTmp/CheckSymbolExists.cxx:8:19: error: ‘Q_WS_QWS’ was not declared in this scope
   return ((int*)(&Q_WS_QWS))[argc];
                   ^
make[1]: *** [CMakeFiles/cmTryCompileExec1722863360.dir/CheckSymbolExists.cxx.o] Error 1
make[1]: Leaving directory `/home/jpl/ORB_SLAM2/Thirdparty/g2o/build/CMakeFiles/CMakeTmp'
make: *** [cmTryCompileExec1722863360/fast] Error 2

File /home/jpl/ORB_SLAM2/Thirdparty/g2o/build/CMakeFiles/CMakeTmp/CheckSymbolExists.cxx:
/* */
#include <QtCore/qglobal.h>

int main(int argc, char** argv)
{
  (void)argv;
#ifndef Q_WS_QWS
  return ((int*)(&Q_WS_QWS))[argc];
#else
  (void)argc;
  return 0;
#endif
}

Determining if the Q_WS_MAC exist failed with the following output:
Change Dir: /home/jpl/ORB_SLAM2/Thirdparty/g2o/build/CMakeFiles/CMakeTmp

Run Build Command:/usr/bin/make "cmTryCompileExec2198130103/fast"
/usr/bin/make -f CMakeFiles/cmTryCompileExec2198130103.dir/build.make CMakeFiles/cmTryCompileExec2198130103.dir/build
make[1]: Entering directory `/home/jpl/ORB_SLAM2/Thirdparty/g2o/build/CMakeFiles/CMakeTmp'
/usr/bin/cmake -E cmake_progress_report /home/jpl/ORB_SLAM2/Thirdparty/g2o/build/CMakeFiles/CMakeTmp/CMakeFiles 1
Building CXX object CMakeFiles/cmTryCompileExec2198130103.dir/CheckSymbolExists.cxx.o
/usr/bin/c++   -DLAPACK_USE_F2C -I/usr/include/qt4    -o CMakeFiles/cmTryCompileExec2198130103.dir/CheckSymbolExists.cxx.o -c /home/jpl/ORB_SLAM2/Thirdparty/g2o/build/CMakeFiles/CMakeTmp/CheckSymbolExists.cxx
/home/jpl/ORB_SLAM2/Thirdparty/g2o/build/CMakeFiles/CMakeTmp/CheckSymbolExists.cxx: In function ‘int main(int, char**)’:
/home/jpl/ORB_SLAM2/Thirdparty/g2o/build/CMakeFiles/CMakeTmp/CheckSymbolExists.cxx:8:19: error: ‘Q_WS_MAC’ was not declared in this scope
   return ((int*)(&Q_WS_MAC))[argc];
                   ^
make[1]: *** [CMakeFiles/cmTryCompileExec2198130103.dir/CheckSymbolExists.cxx.o] Error 1
make[1]: Leaving directory `/home/jpl/ORB_SLAM2/Thirdparty/g2o/build/CMakeFiles/CMakeTmp'
make: *** [cmTryCompileExec2198130103/fast] Error 2

File /home/jpl/ORB_SLAM2/Thirdparty/g2o/build/CMakeFiles/CMakeTmp/CheckSymbolExists.cxx:
/* */
#include <QtCore/qglobal.h>

int main(int argc, char** argv)
{
  (void)argv;
#ifndef Q_WS_MAC
  return ((int*)(&Q_WS_MAC))[argc];
#else
  (void)argc;
  return 0;
#endif
}

